app/build/intermediates/manifest_merge_blame_file/debug/manifest-merger-blame-debug-report.txt
1<?xml version="1.0" encoding="utf-8"?>
2<manifest xmlns:android="http://schemas.android.com/apk/res/android"
3    package="rs.in.raf1" >
4
5    <uses-sdk
6        android:minSdkVersion="16"
6-->src\main\AndroidManifest.xml
7        android:targetSdkVersion="28" />
7-->src\main\AndroidManifest.xml
8
9    <uses-permission android:name="android.permission.INTERNET" />
9-->src\main\AndroidManifest.xml:5:5-66
9-->src\main\AndroidManifest.xml:5:22-64
10    <uses-permission android:name="android.permission.ACCESS_NETWORK_STATE" />
10-->src\main\AndroidManifest.xml:6:5-79
10-->src\main\AndroidManifest.xml:6:22-76
11    <uses-permission android:name="android.permission.WRITE_EXTERNAL_STORAGE" />
11-->src\main\AndroidManifest.xml:7:5-81
11-->src\main\AndroidManifest.xml:7:22-78
12
13    <application
13-->src\main\AndroidManifest.xml:9:5-31:19
14        android:allowBackup="true"
14-->src\main\AndroidManifest.xml:10:9-35
15        android:appComponentFactory="android.support.v4.app.CoreComponentFactory"
15-->[com.android.support:support-compat:28.0.0] AndroidManifest.xml:22:18-91
16        android:debuggable="true"
17        android:icon="@mipmap/ic_launcher_round"
17-->src\main\AndroidManifest.xml:11:9-49
18        android:label="@string/app_name"
18-->src\main\AndroidManifest.xml:12:9-41
19        android:theme="@style/CustomToolbarTheme"
19-->src\main\AndroidManifest.xml:13:9-50
20        android:usesCleartextTraffic="true" >
20-->src\main\AndroidManifest.xml:14:9-44
21        <activity
21-->src\main\AndroidManifest.xml:15:9-25:20
22            android:name="rs.in.raf1.TermListActivity"
22-->src\main\AndroidManifest.xml:16:12-44
23            android:label="@string/app_name" >
23-->src\main\AndroidManifest.xml:17:12-44
24            <intent-filter>
24-->src\main\AndroidManifest.xml:18:13-21:29
25                <action android:name="android.intent.action.MAIN" />
25-->src\main\AndroidManifest.xml:19:17-69
25-->src\main\AndroidManifest.xml:19:25-66
26
27                <category android:name="android.intent.category.LAUNCHER" />
27-->src\main\AndroidManifest.xml:20:17-77
27-->src\main\AndroidManifest.xml:20:27-74
28            </intent-filter>
29
30            <meta-data
30-->src\main\AndroidManifest.xml:22:13-24:54
31                android:name="android.app.searchable"
31-->src\main\AndroidManifest.xml:23:17-54
32                android:resource="@xml/searchable" />
32-->src\main\AndroidManifest.xml:24:17-51
33        </activity>
34        <activity
34-->src\main\AndroidManifest.xml:27:9-29:71
35            android:name="rs.in.raf1.TermPagerActivity"
35-->src\main\AndroidManifest.xml:28:13-46
36            android:parentActivityName="rs.in.raf1.TermListActivity" />
36-->src\main\AndroidManifest.xml:29:13-59
37    </application>
38
39</manifest>